<?xml version="1.0" encoding="UTF-8"?>
<!-- Generated by org.testng.reporters.JUnitXMLReporter -->
<testsuite ignored="0" hostname="KISHU-DELL-DESK" failures="2" tests="3" name="Test" time="56.983" errors="0" timestamp="2022-05-29T11:00:50 EDT">
  <testcase classname="com.salesforcepom.Tests.POMFiveTestCases" name="testCase1" time="6.569"/>
  <testcase classname="com.salesforcepom.Tests.POMFiveTestCases" name="testCase2" time="18.846">
    <failure type="java.lang.AssertionError" message="The following asserts failed:
	expected [Welcome to free trial] but found [Getting Started]">
      <![CDATA[java.lang.AssertionError: The following asserts failed:
expected [Welcome to free trial] but found [Getting Started]
at com.salesforcepom.Tests.POMFiveTestCases.testCase2(POMFiveTestCases.java:55)
at java.base/java.util.ArrayList.forEach(ArrayList.java:1511)
... Removed 29 stack frames]]>
    </failure>
  </testcase> <!-- testCase2 -->
  <testcase classname="com.salesforcepom.Tests.POMFiveTestCases" name="testCase3" time="17.45">
    <failure type="java.lang.AssertionError" message="The following asserts failed:
	expected [Welcome to free trial] but found [Getting Started]">
      <![CDATA[java.lang.AssertionError: The following asserts failed:
expected [Welcome to free trial] but found [Getting Started]
at com.salesforcepom.Tests.POMFiveTestCases.testCase3(POMFiveTestCases.java:82)
at java.base/java.util.ArrayList.forEach(ArrayList.java:1511)
... Removed 29 stack frames]]>
    </failure>
  </testcase> <!-- testCase3 -->
</testsuite> <!-- Test -->
